Start testing: Sep 08 12:11 MDT
----------------------------------------------------------
1/1 Testing: logger_unit_tests
1/1 Test: logger_unit_tests
Command: "/home/jonwebb/Code_Dev/C/clog/clog/build/debug/unit_tests"
Directory: /home/jonwebb/Code_Dev/C/clog/clog/build/debug
"logger_unit_tests" start time: Sep 08 12:11 MDT
Output:
----------------------------------------------------------
[==========] Running 10 test(s).
[ RUN      ] init_stream_null_logger
[       OK ] init_stream_null_logger
[ RUN      ] init_stream_null_stream
[       OK ] init_stream_null_stream
[ RUN      ] init_file_null_logger
[       OK ] init_file_null_logger
[ RUN      ] init_file_null_path
[       OK ] init_file_null_path
[ RUN      ] init_file_open_fail_bad_parent
[       OK ] init_file_open_fail_bad_parent
[ RUN      ] init_dual_null_logger
[       OK ] init_dual_null_logger
[ RUN      ] init_dual_null_path
[       OK ] init_dual_null_path
[ RUN      ] init_dual_null_stream
[       OK ] init_dual_null_stream
[ RUN      ] close_null_preserves_errno
[       OK ] close_null_preserves_errno
[ RUN      ] close_idempotent
[       OK ] close_idempotent
[==========] 10 test(s) run.
[  PASSED  ] 10 test(s).
[==========] Running 2 test(s).
[ RUN      ] level_filter_suppresses
[       OK ] level_filter_suppresses
[ RUN      ] level_filter_emits
[       OK ] level_filter_emits
[==========] 2 test(s) run.
[  PASSED  ] 2 test(s).
[==========] Running 5 test(s).
[ RUN      ] level_filter_suppresses
[       OK ] level_filter_suppresses
[ RUN      ] level_filter_emits
[       OK ] level_filter_emits
[ RUN      ] format_contains_fields
[       OK ] format_contains_fields
[ RUN      ] timestamp_toggle
[       OK ] timestamp_toggle
[ RUN      ] name_toggle
[       OK ] name_toggle
[==========] 5 test(s) run.
[  PASSED  ] 5 test(s).
[==========] Running 2 test(s).
[ RUN      ] macro_location
[       OK ] macro_location
[ RUN      ] no_color_for_file
[       OK ] no_color_for_file
[==========] 2 test(s) run.
[  PASSED  ] 2 test(s).
[==========] Running 3 test(s).
[ RUN      ] setters_null_lg
[       OK ] setters_null_lg
[ RUN      ] setters_success_leave_errno
[       OK ] setters_success_leave_errno
[ RUN      ] log_impl_null_args
[       OK ] log_impl_null_args
[==========] 3 test(s) run.
[  PASSED  ] 3 test(s).
[==========] Running 2 test(s).
[ RUN      ] owns_file_closed
[       OK ] owns_file_closed
[ RUN      ] stream_not_owned
2025-09-08T18:11:12Z INFO     /home/jonwebb/Code_Dev/C/clog/clog/test/test_log.c:664:stream_not_owned: hello stream_not_owned
[       OK ] stream_not_owned
[==========] 2 test(s) run.
[  PASSED  ] 2 test(s).
<end of output>
Test time =   0.00 sec
----------------------------------------------------------
Test Passed.
"logger_unit_tests" end time: Sep 08 12:11 MDT
"logger_unit_tests" time elapsed: 00:00:00
----------------------------------------------------------

End testing: Sep 08 12:11 MDT
